<?xml version="1.0" encoding="UTF-8"?>
<!-- Generated by org.testng.reporters.JUnitReportReporter -->
<testsuite hostname="keyvalue-GL63-8RD" failures="0" tests="1" name="com.surge.qa.testcases.HomePageTest" time="3.066" errors="0" timestamp="05 May 2020 19:36:12 GMT" skipped="0">
  <testcase classname="com.surge.qa.testcases.HomePageTest" name="verifySurgeHomePageUrlAndElements" time="3.066"/>
</testsuite> <!-- com.surge.qa.testcases.HomePageTest -->
